<?xml version="1.0" encoding="UTF-8"?>
<testng-results skipped="0" failed="0" ignored="0" total="1" passed="1">
  <reporter-output>
  </reporter-output>
  <suite name="Default suite" duration-ms="15648" started-at="2020-01-20T16:16:08Z" finished-at="2020-01-20T16:16:23Z">
    <groups>
    </groups>
    <test name="Default test" duration-ms="15648" started-at="2020-01-20T16:16:08Z" finished-at="2020-01-20T16:16:23Z">
      <class name="br.com.rsinet.hub_tdd.testes.BuscaPelaPaginaInicial">
        <test-method status="PASS" signature="beforeMethod()[pri:0, instance:br.com.rsinet.hub_tdd.testes.BuscaPelaPaginaInicial@31ef45e3]" name="beforeMethod" is-config="true" duration-ms="11284" started-at="2020-01-20T16:16:08Z" finished-at="2020-01-20T16:16:19Z">
          <reporter-output>
          </reporter-output>
        </test-method> <!-- beforeMethod -->
        <test-method status="PASS" signature="pesquisaPaginaInicial()[pri:0, instance:br.com.rsinet.hub_tdd.testes.BuscaPelaPaginaInicial@31ef45e3]" name="pesquisaPaginaInicial" duration-ms="4336" started-at="2020-01-20T16:16:19Z" finished-at="2020-01-20T16:16:23Z">
          <reporter-output>
          </reporter-output>
        </test-method> <!-- pesquisaPaginaInicial -->
        <test-method status="FAIL" signature="afterMethod()[pri:0, instance:br.com.rsinet.hub_tdd.testes.BuscaPelaPaginaInicial@31ef45e3]" name="afterMethod" is-config="true" duration-ms="0" started-at="2020-01-20T16:16:23Z" finished-at="2020-01-20T16:16:23Z">
          <exception class="java.lang.Error">
            <message>
              <![CDATA[Unresolved compilation problem: 
The method println(String) in the type PrintStream is not applicable for the arguments (String, String)
]]>
            </message>
            <full-stacktrace>
              <![CDATA[java.lang.Error: Unresolved compilation problem: 
The method println(String) in the type PrintStream is not applicable for the arguments (String, String)

at br.com.rsinet.hub_tdd.testes.BuscaPelaPaginaInicial.afterMethod(BuscaPelaPaginaInicial.java:41)
at sun.reflect.NativeMethodAccessorImpl.invoke0(Native Method)
at sun.reflect.NativeMethodAccessorImpl.invoke(Unknown Source)
at sun.reflect.DelegatingMethodAccessorImpl.invoke(Unknown Source)
at java.lang.reflect.Method.invoke(Unknown Source)
at org.testng.internal.MethodInvocationHelper.invokeMethod(MethodInvocationHelper.java:124)
at org.testng.internal.MethodInvocationHelper.invokeMethodConsideringTimeout(MethodInvocationHelper.java:59)
at org.testng.internal.Invoker.invokeConfigurationMethod(Invoker.java:458)
at org.testng.internal.Invoker.invokeConfigurations(Invoker.java:222)
at org.testng.internal.Invoker.invokeMethod(Invoker.java:646)
at org.testng.internal.Invoker.invokeTestMethod(Invoker.java:719)
at org.testng.internal.Invoker.invokeTestMethods(Invoker.java:989)
at org.testng.internal.TestMethodWorker.invokeTestMethods(TestMethodWorker.java:125)
at org.testng.internal.TestMethodWorker.run(TestMethodWorker.java:109)
at org.testng.TestRunner.privateRun(TestRunner.java:648)
at org.testng.TestRunner.run(TestRunner.java:505)
at org.testng.SuiteRunner.runTest(SuiteRunner.java:455)
at org.testng.SuiteRunner.runSequentially(SuiteRunner.java:450)
at org.testng.SuiteRunner.privateRun(SuiteRunner.java:415)
at org.testng.SuiteRunner.run(SuiteRunner.java:364)
at org.testng.SuiteRunnerWorker.runSuite(SuiteRunnerWorker.java:52)
at org.testng.SuiteRunnerWorker.run(SuiteRunnerWorker.java:84)
at org.testng.TestNG.runSuitesSequentially(TestNG.java:1208)
at org.testng.TestNG.runSuitesLocally(TestNG.java:1137)
at org.testng.TestNG.runSuites(TestNG.java:1049)
at org.testng.TestNG.run(TestNG.java:1017)
at org.testng.remote.AbstractRemoteTestNG.run(AbstractRemoteTestNG.java:115)
at org.testng.remote.RemoteTestNG.initAndRun(RemoteTestNG.java:251)
at org.testng.remote.RemoteTestNG.main(RemoteTestNG.java:77)
]]>
            </full-stacktrace>
          </exception> <!-- java.lang.Error -->
          <reporter-output>
          </reporter-output>
        </test-method> <!-- afterMethod -->
      </class> <!-- br.com.rsinet.hub_tdd.testes.BuscaPelaPaginaInicial -->
    </test> <!-- Default test -->
  </suite> <!-- Default suite -->
</testng-results>
